#-----------------------------------------------------------
# Vivado v2019.2.1 (64-bit)
# SW Build 2729669 on Thu Dec  5 04:49:17 MST 2019
# IP Build 2729494 on Thu Dec  5 07:38:25 MST 2019
# Start of session at: Sun May 24 21:10:26 2020
# Process ID: 11392
# Current directory: C:/Users/JCH/Desktop/project_video_test/CmodA7_IntroVerilog
# Command line: vivado.exe -gui_launcher_event rodinguilauncherevent10464 C:\Users\JCH\Desktop\project_video_test\CmodA7_IntroVerilog\project_video_test.xpr
# Log file: C:/Users/JCH/Desktop/project_video_test/CmodA7_IntroVerilog/vivado.log
# Journal file: C:/Users/JCH/Desktop/project_video_test/CmodA7_IntroVerilog\vivado.jou
#-----------------------------------------------------------
start_gui
open_project C:/Users/JCH/Desktop/project_video_test/CmodA7_IntroVerilog/project_video_test.xpr
INFO: [Project 1-313] Project file moved from 'C:/Users/JCH/Desktop/project_video_test' since last save.
Scanning sources...
Finished scanning sources
INFO: [IP_Flow 19-234] Refreshing IP repositories
INFO: [IP_Flow 19-1704] No user IP repositories specified
INFO: [IP_Flow 19-2313] Loaded Vivado IP repository 'C:/Xilinx/Vivado/2019.2/data/ip'.
open_project: Time (s): cpu = 00:00:24 ; elapsed = 00:00:09 . Memory (MB): peak = 861.461 ; gain = 208.086
